<?xml version="1.0" encoding="UTF-8"?>
<testng-results ignored="0" total="2" passed="2" failed="0" skipped="0">
  <reporter-output>
    <line>
      <![CDATA[Browser window is maximized successfully]]>
    </line>
  </reporter-output>
  <suite started-at="2022-11-30T21:18:57 IST" name="Default suite" finished-at="2022-11-30T21:21:09 IST" duration-ms="132110">
    <groups>
    </groups>
    <test started-at="2022-11-30T21:18:57 IST" name="Default test" finished-at="2022-11-30T21:21:09 IST" duration-ms="132110">
      <class name="test_Scripts.AddToCart_TC">
        <test-method is-config="true" signature="beforeSuit()[pri:0, instance:test_Scripts.AddToCart_TC@5fdcaa40]" started-at="2022-11-30T21:18:55 IST" name="beforeSuit" finished-at="2022-11-30T21:18:57 IST" duration-ms="1461" status="PASS">
          <reporter-output>
          </reporter-output>
        </test-method> <!-- beforeSuit -->
        <test-method is-config="true" signature="browserSetup()[pri:0, instance:test_Scripts.AddToCart_TC@5fdcaa40]" started-at="2022-11-30T21:18:57 IST" name="browserSetup" finished-at="2022-11-30T21:19:47 IST" duration-ms="50186" status="PASS">
          <reporter-output>
            <line>
              <![CDATA[Browser window is maximized successfully]]>
            </line>
          </reporter-output>
        </test-method> <!-- browserSetup -->
        <test-method signature="TS_01([Ljava.lang.String;)[pri:0, instance:test_Scripts.AddToCart_TC@5fdcaa40]" started-at="2022-11-30T21:19:51 IST" name="TS_01" data-provider="testData" finished-at="2022-11-30T21:20:07 IST" duration-ms="16396" status="PASS">
          <params>
            <param index="0">
              <value>
                <![CDATA[[Ljava.lang.String;@6cfd9a54]]>
              </value>
            </param>
          </params>
          <reporter-output>
          </reporter-output>
        </test-method> <!-- TS_01 -->
        <test-method signature="TS_02()[pri:1, instance:test_Scripts.AddToCart_TC@5fdcaa40]" started-at="2022-11-30T21:20:07 IST" name="TS_02" finished-at="2022-11-30T21:21:09 IST" duration-ms="61523" status="PASS">
          <reporter-output>
          </reporter-output>
        </test-method> <!-- TS_02 -->
        <test-method is-config="true" signature="CloseApp()[pri:0, instance:test_Scripts.AddToCart_TC@5fdcaa40]" started-at="2022-11-30T21:21:09 IST" name="CloseApp" finished-at="2022-11-30T21:21:09 IST" duration-ms="1" status="PASS">
          <reporter-output>
          </reporter-output>
        </test-method> <!-- CloseApp -->
        <test-method is-config="true" signature="afterSuite()[pri:0, instance:test_Scripts.AddToCart_TC@5fdcaa40]" started-at="2022-11-30T21:21:09 IST" name="afterSuite" finished-at="2022-11-30T21:21:11 IST" duration-ms="1789" status="PASS">
          <reporter-output>
          </reporter-output>
        </test-method> <!-- afterSuite -->
      </class> <!-- test_Scripts.AddToCart_TC -->
    </test> <!-- Default test -->
  </suite> <!-- Default suite -->
</testng-results>
